Wed Feb 27 18:17:06 2013,240 [2098] DEBUG Stages.searchStages - "bbouvier" a lancé une requête.
Wed Feb 27 18:17:07 2013,610 [19608] DEBUG Stages.searchStages - "bbouvier" a lancé une requête.
Wed Feb 27 23:23:33 2013,336 [3635] DEBUG Stages.searchStages - "bplanche" a lancé une requête.
Fri Mar  1 14:40:09 2013,576 [2098] DEBUG Stages.searchStages - "bbouvier" a lancé une requête.
Fri Mar  1 14:40:11 2013,814 [19608] DEBUG Stages.searchStages - "bbouvier" a lancé une requête.
Sat Mar  2 20:31:43 2013,350 [4213] DEBUG Stages.searchStages - "hnguyen2" a lancé une requête.
Sat Mar  2 20:31:51 2013,444 [3639] DEBUG Stages.searchStages - "hnguyen2" a lancé une requête.
Sat Mar  2 20:31:53 2013,912 [2098] DEBUG Stages.searchStages - "hnguyen2" a lancé une requête.
Sat Mar  2 20:31:55 2013,793 [19608] DEBUG Stages.searchStages - "hnguyen2" a lancé une requête.
Sun Mar 10 11:58:55 2013,423 [14040] DEBUG Stages.searchStages - "jcourlet" a lancé une requête.
Mon Mar 11 08:33:38 2013,447 [14036] DEBUG Stages.searchStages - "tpourcelot" a lancé une requête.
Thu Mar 14 03:27:51 2013,053 [14040] DEBUG Stages.searchStages - "bplanche" a lancé une requête.
Tue Mar 19 11:14:18 2013,709 [32339] DEBUG Stages.searchStages - "bbouchardo" a lancé une requête.
Sun Mar 24 12:05:11 2013,119 [14037] DEBUG Stages.searchStages - "idesouzaal" a lancé une requête.
Tue Mar 26 18:31:33 2013,188 [14036] DEBUG Stages.searchStages - "klegouguec" a lancé une requête.
Tue Mar 26 18:31:38 2013,518 [14037] DEBUG Stages.searchStages - "klegouguec" a lancé une requête.
Fri Apr  5 00:18:23 2013,159 [32339] DEBUG Stages.searchStages - "ecatinel" a lancé une requête.
Fri Apr  5 00:18:39 2013,107 [14037] DEBUG Stages.searchStages - "ecatinel" a lancé une requête.
Sat May  4 16:44:56 2013,154 [14039] DEBUG Stages.searchStages - "sleroy2" a lancé une requête.
Sun May 19 15:26:26 2013,332 [14383] DEBUG Stages.searchStages - "tpaquelier" a lancé une requête.
Sun May 19 15:26:39 2013,170 [13406] DEBUG Stages.searchStages - "tpaquelier" a lancé une requête.
Sun May 19 15:26:40 2013,939 [14036] DEBUG Stages.searchStages - "tpaquelier" a lancé une requête.
Sun May 19 15:26:42 2013,077 [11658] DEBUG Stages.searchStages - "tpaquelier" a lancé une requête.
Sun May 19 15:26:44 2013,863 [32339] DEBUG Stages.searchStages - "tpaquelier" a lancé une requête.
Sun May 19 15:26:48 2013,025 [9330] DEBUG Stages.searchStages - "tpaquelier" a lancé une requête.
Sun May 19 15:26:48 2013,848 [14037] DEBUG Stages.searchStages - "tpaquelier" a lancé une requête.
Sun May 19 15:26:49 2013,003 [14039] DEBUG Stages.searchStages - "tpaquelier" a lancé une requête.
Sun May 19 15:26:49 2013,169 [14038] DEBUG Stages.searchStages - "tpaquelier" a lancé une requête.
Sun May 19 15:26:55 2013,921 [14040] DEBUG Stages.searchStages - "tpaquelier" a lancé une requête.
Fri Jun 21 17:18:06 2013,207 [14040] DEBUG Stages.searchStages - "pmolins" a lancé une requête.
Thu Jul 18 14:42:30 2013,076 [14383] DEBUG Stages.searchStages - "jduclos" a lancé une requête.
Mon Sep 23 14:54:59 2013,704 [1544] DEBUG Stages.searchStages - "timbert" a lancé une requête.
Mon Sep 23 14:55:07 2013,037 [32517] DEBUG Stages.searchStages - "timbert" a lancé une requête.
Mon Sep 23 14:55:07 2013,708 [32515] DEBUG Stages.searchStages - "timbert" a lancé une requête.
Mon Sep 23 14:55:12 2013,923 [32518] DEBUG Stages.searchStages - "timbert" a lancé une requête.
Mon Sep 23 14:55:17 2013,560 [32519] DEBUG Stages.searchStages - "timbert" a lancé une requête.
Mon Sep 23 14:55:19 2013,511 [1544] DEBUG Stages.searchStages - "timbert" a lancé une requête.
Mon Sep 23 14:55:20 2013,606 [32517] DEBUG Stages.searchStages - "timbert" a lancé une requête.
Mon Sep 23 14:55:20 2013,983 [32516] DEBUG Stages.searchStages - "timbert" a lancé une requête.
Mon Sep 23 14:55:21 2013,222 [32518] DEBUG Stages.searchStages - "timbert" a lancé une requête.
Tue Sep 24 22:33:40 2013,952 [32519] DEBUG Stages.searchStages - "dfournier" a lancé une requête.
Tue Oct  1 00:30:30 2013,272 [1544] DEBUG Stages.searchStages - "kbenhmida" a lancé une requête.
Tue Oct  1 00:30:36 2013,308 [32518] DEBUG Stages.searchStages - "kbenhmida" a lancé une requête.
Tue Oct  1 00:30:37 2013,388 [32516] DEBUG Stages.searchStages - "kbenhmida" a lancé une requête.
Tue Oct 15 19:58:31 2013,098 [1544] DEBUG Stages.searchStages - "jcarbain" a lancé une requête.
Sat Oct 19 19:41:17 2013,860 [32517] DEBUG Stages.searchStages - "aduque" a lancé une requête.
Wed Oct 30 16:36:48 2013,904 [32517] DEBUG Stages.searchStages - "daparicio" a lancé une requête.
Sat Nov  2 17:05:47 2013,996 [32519] DEBUG Stages.searchStages - "abertron" a lancé une requête.
Tue Nov  5 23:32:07 2013,142 [32518] DEBUG Stages.searchStages - "hhannetel" a lancé une requête.
Wed Nov  6 21:11:09 2013,176 [32515] DEBUG Stages.searchStages - "mtolba" a lancé une requête.
Fri Nov  8 11:25:46 2013,903 [3705] DEBUG Stages.searchStages - "jsglorenzo" a lancé une requête.
Fri Nov  8 11:25:54 2013,099 [3706] DEBUG Stages.searchStages - "jsglorenzo" a lancé une requête.
Fri Nov 15 20:04:17 2013,543 [3706] DEBUG Stages.searchStages - "nlawlor" a lancé une requête.
Wed Nov 20 19:53:22 2013,778 [4099] DEBUG Stages.searchStages - "aduque" a lancé une requête.
Wed Nov 20 19:53:27 2013,451 [3705] DEBUG Stages.searchStages - "aduque" a lancé une requête.
Sun Nov 24 20:39:52 2013,760 [3706] DEBUG Stages.searchStages - "gdeshayes" a lancé une requête.
Tue Nov 26 21:29:24 2013,798 [3706] DEBUG Stages.searchStages - "gcottancin" a lancé une requête.
Tue Nov 26 21:29:29 2013,727 [3708] DEBUG Stages.searchStages - "gcottancin" a lancé une requête.
Tue Nov 26 21:29:33 2013,593 [3705] DEBUG Stages.searchStages - "gcottancin" a lancé une requête.
Tue Nov 26 21:29:34 2013,055 [4099] DEBUG Stages.searchStages - "gcottancin" a lancé une requête.
Tue Nov 26 21:29:34 2013,223 [3707] DEBUG Stages.searchStages - "gcottancin" a lancé une requête.
Tue Nov 26 21:29:34 2013,391 [22434] DEBUG Stages.searchStages - "gcottancin" a lancé une requête.
Tue Nov 26 21:29:34 2013,558 [3709] DEBUG Stages.searchStages - "gcottancin" a lancé une requête.
Sat Nov 30 10:19:34 2013,443 [3706] DEBUG Stages.searchStages - "cmichel1" a lancé une requête.
Sat Nov 30 10:19:36 2013,901 [3708] DEBUG Stages.searchStages - "cmichel1" a lancé une requête.
Sat Nov 30 10:19:45 2013,430 [3705] DEBUG Stages.searchStages - "cmichel1" a lancé une requête.
Sat Nov 30 10:19:47 2013,224 [4099] DEBUG Stages.searchStages - "cmichel1" a lancé une requête.
Sat Nov 30 10:19:49 2013,158 [3707] DEBUG Stages.searchStages - "cmichel1" a lancé une requête.
Sat Nov 30 10:19:55 2013,719 [22434] DEBUG Stages.searchStages - "cmichel1" a lancé une requête.
Sat Nov 30 10:19:56 2013,935 [3709] DEBUG Stages.searchStages - "cmichel1" a lancé une requête.
Sat Nov 30 10:19:57 2013,866 [3706] DEBUG Stages.searchStages - "cmichel1" a lancé une requête.
Sat Nov 30 10:19:58 2013,676 [3708] DEBUG Stages.searchStages - "cmichel1" a lancé une requête.
Mon Dec  2 11:45:21 2013,986 [3708] DEBUG Stages.searchStages - "kchouard" a lancé une requête.
Wed Dec 11 11:38:59 2013,032 [4099] DEBUG Stages.searchStages - "lcrepet" a lancé une requête.
Wed Dec 11 18:38:14 2013,808 [4099] DEBUG Stages.searchStages - "aduque" a lancé une requête.
Wed Dec 11 18:38:17 2013,944 [3707] DEBUG Stages.searchStages - "aduque" a lancé une requête.
Fri Dec 13 09:54:26 2013,535 [3706] DEBUG Stages.searchStages - "lgevrey" a lancé une requête.
Fri Dec 13 09:54:32 2013,228 [3708] DEBUG Stages.searchStages - "lgevrey" a lancé une requête.
Wed Jan  8 00:28:39 2014,356 [3545] DEBUG Stages.searchStages - "vcomte" a lancé une requête.
Wed Jan  8 00:28:50 2014,799 [3551] DEBUG Stages.searchStages - "vcomte" a lancé une requête.
Wed Jan  8 00:28:53 2014,616 [3546] DEBUG Stages.searchStages - "vcomte" a lancé une requête.
Wed Jan  8 00:28:53 2014,840 [3552] DEBUG Stages.searchStages - "vcomte" a lancé une requête.
Wed Jan  8 00:28:58 2014,187 [3550] DEBUG Stages.searchStages - "vcomte" a lancé une requête.
Sat Jan 11 15:23:33 2014,656 [3545] DEBUG Stages.searchStages - "mgarchery" a lancé une requête.
Sat Jan 11 15:23:40 2014,999 [3551] DEBUG Stages.searchStages - "mgarchery" a lancé une requête.
Sat Jan 11 15:23:42 2014,381 [3546] DEBUG Stages.searchStages - "mgarchery" a lancé une requête.
Fri Jan 17 23:41:48 2014,039 [4093] DEBUG Stages.searchStages - "kpitolin" a lancé une requête.
Fri Jan 17 23:41:54 2014,836 [3546] DEBUG Stages.searchStages - "kpitolin" a lancé une requête.
Fri Jan 17 23:41:55 2014,814 [3550] DEBUG Stages.searchStages - "kpitolin" a lancé une requête.
Fri Jan 17 23:41:56 2014,118 [3545] DEBUG Stages.searchStages - "kpitolin" a lancé une requête.
Mon Feb 17 17:55:44 2014,762 [3546] DEBUG Stages.searchStages - "mcisse" a lancé une requête.
Mon Feb 17 17:55:48 2014,712 [3545] DEBUG Stages.searchStages - "mcisse" a lancé une requête.
Mon Feb 17 17:55:51 2014,215 [3551] DEBUG Stages.searchStages - "mcisse" a lancé une requête.
Mon Feb 17 17:55:51 2014,486 [4093] DEBUG Stages.searchStages - "mcisse" a lancé une requête.
Mon Feb 17 17:55:54 2014,618 [3550] DEBUG Stages.searchStages - "mcisse" a lancé une requête.
Mon Mar 17 12:18:20 2014,045 [3545] DEBUG Stages.searchStages - "mtolba" a lancé une requête.
Mon Mar 17 12:18:25 2014,078 [5800] DEBUG Stages.searchStages - "mtolba" a lancé une requête.
Mon Mar 17 12:18:25 2014,892 [3551] DEBUG Stages.searchStages - "mtolba" a lancé une requête.
Wed Mar 19 14:15:01 2014,365 [3552] DEBUG Stages.searchStages - "timbert" a lancé une requête.
Fri Mar 21 00:35:39 2014,386 [3545] DEBUG Stages.searchStages - "aduque" a lancé une requête.
Thu Apr  3 13:48:25 2014,619 [4093] DEBUG Stages.searchStages - "kpitolin" a lancé une requête.
Thu Apr  3 13:48:36 2014,746 [3551] DEBUG Stages.searchStages - "kpitolin" a lancé une requête.
Thu Apr  3 13:48:37 2014,987 [3550] DEBUG Stages.searchStages - "kpitolin" a lancé une requête.
Thu Apr  3 13:48:39 2014,423 [3552] DEBUG Stages.searchStages - "kpitolin" a lancé une requête.
Thu Apr  3 13:48:40 2014,016 [3546] DEBUG Stages.searchStages - "kpitolin" a lancé une requête.
Thu Apr  3 13:48:40 2014,238 [5800] DEBUG Stages.searchStages - "kpitolin" a lancé une requête.
Thu Apr  3 13:48:40 2014,456 [3545] DEBUG Stages.searchStages - "kpitolin" a lancé une requête.
Tue Apr  8 16:44:09 2014,660 [5800] DEBUG Stages.searchStages - "hnguyen2" a lancé une requête.
Tue Apr  8 16:44:17 2014,127 [3545] DEBUG Stages.searchStages - "hnguyen2" a lancé une requête.
Tue Apr  8 16:44:19 2014,036 [3551] DEBUG Stages.searchStages - "hnguyen2" a lancé une requête.
Tue Apr  8 16:44:24 2014,662 [3550] DEBUG Stages.searchStages - "hnguyen2" a lancé une requête.
Tue Apr  8 16:44:26 2014,594 [3552] DEBUG Stages.searchStages - "hnguyen2" a lancé une requête.
Tue Apr  8 16:44:27 2014,530 [4093] DEBUG Stages.searchStages - "hnguyen2" a lancé une requête.
Tue Apr  8 16:44:27 2014,782 [3546] DEBUG Stages.searchStages - "hnguyen2" a lancé une requête.
Tue Apr  8 16:44:27 2014,978 [5800] DEBUG Stages.searchStages - "hnguyen2" a lancé une requête.
Tue Apr  8 16:44:28 2014,202 [3545] DEBUG Stages.searchStages - "hnguyen2" a lancé une requête.
Tue Apr  8 16:44:28 2014,387 [3551] DEBUG Stages.searchStages - "hnguyen2" a lancé une requête.
Thu Apr 17 15:06:36 2014,674 [4093] DEBUG Stages.searchStages - "acourjault" a lancé une requête.
Wed Jul 23 15:02:44 2014,611 [3550] DEBUG Stages.searchStages - "fmeyer1" a lancé une requête.
Thu Jul 24 09:50:13 2014,129 [3545] DEBUG Stages.searchStages - "xrazanajat" a lancé une requête.
Thu Jul 24 09:50:16 2014,480 [5800] DEBUG Stages.searchStages - "xrazanajat" a lancé une requête.
Thu Jul 24 09:50:17 2014,355 [3551] DEBUG Stages.searchStages - "xrazanajat" a lancé une requête.
Tue Aug 12 17:43:59 2014,357 [4093] DEBUG Stages.searchStages - "tthibaud" a lancé une requête.
Tue Aug 12 17:44:15 2014,695 [21268] DEBUG Stages.searchStages - "tthibaud" a lancé une requête.
Tue Aug 12 17:44:16 2014,858 [9333] DEBUG Stages.searchStages - "tthibaud" a lancé une requête.
Mon Sep  8 21:28:59 2014,035 [3550] DEBUG Stages.searchStages - "nbonfante" a lancé une requête.
Thu Sep 11 13:48:35 2014,796 [3551] DEBUG Stages.searchStages - "nnadisic" a lancé une requête.
Sat Sep 13 12:00:21 2014,976 [5800] DEBUG Stages.searchStages - "dwobrock" a lancé une requête.
Thu Sep 18 19:33:42 2014,315 [5800] DEBUG Stages.searchStages - "achioukh" a lancé une requête.
Wed Sep 24 19:25:30 2014,095 [3550] DEBUG Stages.searchStages - "dwobrock" a lancé une requête.
Fri Oct 17 08:41:17 2014,309 [3771] DEBUG Stages.searchStages - "mchaouche" a lancé une requête.
Mon Oct 27 10:10:22 2014,881 [26071] DEBUG Stages.searchStages - "dwobrock" a lancé une requête.
Thu Oct 30 23:48:56 2014,751 [3771] DEBUG Stages.searchStages - "aquilfen" a lancé une requête.
Tue Nov  4 21:46:18 2014,916 [26071] DEBUG Stages.searchStages - "tgermain" a lancé une requête.
Wed Nov  5 18:44:13 2014,951 [3768] DEBUG Stages.searchStages - "tbaseilhac" a lancé une requête.
Thu Nov 27 22:18:14 2014,438 [5370] DEBUG Stages.searchStages - "aduque" a lancé une requête.
Thu Nov 27 22:20:38 2014,675 [5370] DEBUG Stages.searchStages - "aduque" a lancé une requête.
Thu Nov 27 22:20:43 2014,654 [3767] DEBUG Stages.searchStages - "aduque" a lancé une requête.
Thu Nov 27 22:20:44 2014,524 [3768] DEBUG Stages.searchStages - "aduque" a lancé une requête.
Wed Dec 10 10:35:10 2014,114 [3767] DEBUG Stages.searchStages - "frouge" a lancé une requête.
Wed Dec 10 10:35:21 2014,367 [3768] DEBUG Stages.searchStages - "frouge" a lancé une requête.
Wed Dec 10 10:35:22 2014,814 [26071] DEBUG Stages.searchStages - "frouge" a lancé une requête.
Mon Dec 15 18:47:36 2014,664 [26071] DEBUG Stages.searchStages - "arenard" a lancé une requête.
Wed Dec 24 15:15:35 2014,968 [5370] DEBUG Stages.searchStages - "fpizzo" a lancé une requête.
Wed Dec 24 15:15:40 2014,909 [21183] DEBUG Stages.searchStages - "fpizzo" a lancé une requête.
Wed Dec 24 15:15:44 2014,456 [3771] DEBUG Stages.searchStages - "fpizzo" a lancé une requête.
Wed Dec 24 15:15:46 2014,905 [3767] DEBUG Stages.searchStages - "fpizzo" a lancé une requête.
Mon Jan  5 11:24:34 2015,099 [5370] DEBUG Stages.searchStages - "sseng" a lancé une requête.
Mon Jan  5 11:24:40 2015,521 [3771] DEBUG Stages.searchStages - "sseng" a lancé une requête.
Mon Jan  5 11:24:47 2015,636 [21183] DEBUG Stages.searchStages - "sseng" a lancé une requête.
Wed Jan 21 14:16:00 2015,139 [3768] DEBUG Stages.searchStages - "jmarchal" a lancé une requête.
Fri Jan 30 19:36:54 2015,736 [21183] DEBUG Stages.searchStages - "nbonfante" a lancé une requête.
Fri Jan 30 19:36:54 2015,922 [3769] DEBUG Stages.searchStages - "nbonfante" a lancé une requête.
Thu Feb 12 17:41:16 2015,428 [3767] DEBUG Stages.searchStages - "hdelval" a lancé une requête.
Thu Feb 12 17:41:40 2015,095 [5370] DEBUG Stages.searchStages - "hdelval" a lancé une requête.
Thu Feb 12 17:41:43 2015,134 [21183] DEBUG Stages.searchStages - "hdelval" a lancé une requête.
Thu Feb 12 17:41:43 2015,394 [3769] DEBUG Stages.searchStages - "hdelval" a lancé une requête.
Thu Feb 12 17:41:49 2015,007 [26071] DEBUG Stages.searchStages - "hdelval" a lancé une requête.
Thu Feb 12 17:41:52 2015,465 [3771] DEBUG Stages.searchStages - "hdelval" a lancé une requête.
Fri Feb 13 15:02:08 2015,392 [26071] DEBUG Stages.searchStages - "srispal1" a lancé une requête.
Fri Feb 13 15:02:13 2015,833 [3771] DEBUG Stages.searchStages - "srispal1" a lancé une requête.
Fri Feb 13 15:02:19 2015,166 [3768] DEBUG Stages.searchStages - "srispal1" a lancé une requête.
Fri Feb 13 15:02:23 2015,411 [3770] DEBUG Stages.searchStages - "srispal1" a lancé une requête.
Fri Feb 13 15:02:29 2015,034 [3767] DEBUG Stages.searchStages - "srispal1" a lancé une requête.
Thu Feb 19 11:18:51 2015,761 [3767] DEBUG Stages.searchStages - "srispal1" a lancé une requête.
Sat Feb 21 18:57:06 2015,565 [3768] DEBUG Stages.searchStages - "tguegan" a lancé une requête.
Sat Feb 21 18:57:09 2015,878 [3770] DEBUG Stages.searchStages - "tguegan" a lancé une requête.
Sat Feb 21 18:57:10 2015,494 [3767] DEBUG Stages.searchStages - "tguegan" a lancé une requête.
Sat Feb 21 18:57:10 2015,667 [5370] DEBUG Stages.searchStages - "tguegan" a lancé une requête.
Sun Mar 15 16:35:08 2015,708 [26071] DEBUG Stages.searchStages - "ajuguet" a lancé une requête.
Sun Mar 15 16:35:11 2015,185 [3768] DEBUG Stages.searchStages - "ajuguet" a lancé une requête.
Sun Mar 15 16:35:16 2015,688 [3767] DEBUG Stages.searchStages - "ajuguet" a lancé une requête.
Sun Mar 15 16:35:19 2015,430 [21183] DEBUG Stages.searchStages - "ajuguet" a lancé une requête.
Sun Mar 15 16:35:21 2015,511 [3770] DEBUG Stages.searchStages - "ajuguet" a lancé une requête.
Sun Mar 15 16:35:21 2015,747 [5370] DEBUG Stages.searchStages - "ajuguet" a lancé une requête.
Sun Mar 15 16:35:21 2015,901 [3769] DEBUG Stages.searchStages - "ajuguet" a lancé une requête.
Sun Mar 15 16:35:22 2015,074 [3771] DEBUG Stages.searchStages - "ajuguet" a lancé une requête.
Sun Mar 15 18:00:45 2015,153 [3768] DEBUG Stages.searchStages - "achabert" a lancé une requête.
Fri Mar 20 23:13:03 2015,636 [3769] DEBUG Stages.searchStages - "asalihi" a lancé une requête.
Thu Apr 30 11:45:32 2015,021 [26071] DEBUG Stages.searchStages - "acoussat" a lancé une requête.
